{"numFailedTestSuites":0,"numFailedTests":0,"numPassedTestSuites":1,"numPassedTests":1,"numPendingTestSuites":0,"numPendingTests":0,"numRuntimeErrorTestSuites":0,"numTodoTests":0,"numTotalTestSuites":1,"numTotalTests":1,"openHandles":[],"snapshot":{"added":0,"didUpdate":false,"failure":false,"filesAdded":0,"filesRemoved":0,"filesRemovedList":[],"filesUnmatched":0,"filesUpdated":0,"matched":0,"total":0,"unchecked":0,"uncheckedKeysByFile":[],"unmatched":0,"updated":0},"startTime":1646755022565,"success":true,"testResults":[{"assertionResults":[{"ancestorTitles":[],"failureMessages":[],"fullName":"renders primary button with default arsd","location":null,"status":"passed","title":"renders primary button with default arsd"}],"endTime":1646755027606,"message":"","name":"/Users/wolee111/Desktop/project/react-storybook-toy-project/client/src/components/users/ChangeStatusButton.test.js","startTime":1646755023891,"status":"passed","summary":""}],"wasInterrupted":false}